<?xml version="1.0" encoding="UTF-8"?>
<testng-results ignored="0" total="1" passed="1" failed="0" skipped="0">
  <reporter-output>
    <line>
      <![CDATA[launching browser]]>
    </line>
    <line>
      <![CDATA[reading data from excel sheet]]>
    </line>
    <line>
      <![CDATA[entring emailid]]>
    </line>
    <line>
      <![CDATA[waiting for 500mili sec]]>
    </line>
    <line>
      <![CDATA[reading data from excel sheet]]>
    </line>
    <line>
      <![CDATA[entring password]]>
    </line>
    <line>
      <![CDATA[waiting for 500mili sec]]>
    </line>
    <line>
      <![CDATA[signing]]>
    </line>
    <line>
      <![CDATA[waiting for 500mili sec]]>
    </line>
    <line>
      <![CDATA[fexecution is start]]>
    </line>
    <line>
      <![CDATA[f is pass successful]]>
    </line>
  </reporter-output>
  <suite started-at="2023-07-03T17:45:07 IST" name="Default suite" finished-at="2023-07-03T17:45:44 IST" duration-ms="37525">
    <groups>
    </groups>
    <test started-at="2023-07-03T17:45:07 IST" name="Default test" finished-at="2023-07-03T17:45:44 IST" duration-ms="37525">
      <class name="test.validatename">
        <test-method is-config="true" signature="lauchbrowser()[pri:0, instance:test.validatename@74e28667]" started-at="2023-07-03T17:45:07 IST" name="lauchbrowser" finished-at="2023-07-03T17:45:40 IST" duration-ms="33284" status="PASS">
          <reporter-output>
            <line>
              <![CDATA[launching browser]]>
            </line>
          </reporter-output>
        </test-method> <!-- lauchbrowser -->
        <test-method is-config="true" signature="signin()[pri:0, instance:test.validatename@74e28667]" started-at="2023-07-03T17:45:40 IST" name="signin" finished-at="2023-07-03T17:45:44 IST" duration-ms="4142" status="PASS">
          <reporter-output>
            <line>
              <![CDATA[reading data from excel sheet]]>
            </line>
            <line>
              <![CDATA[entring emailid]]>
            </line>
            <line>
              <![CDATA[waiting for 500mili sec]]>
            </line>
            <line>
              <![CDATA[reading data from excel sheet]]>
            </line>
            <line>
              <![CDATA[entring password]]>
            </line>
            <line>
              <![CDATA[waiting for 500mili sec]]>
            </line>
            <line>
              <![CDATA[signing]]>
            </line>
            <line>
              <![CDATA[waiting for 500mili sec]]>
            </line>
          </reporter-output>
        </test-method> <!-- signin -->
        <test-method signature="f()[pri:0, instance:test.validatename@74e28667]" started-at="2023-07-03T17:45:44 IST" name="f" finished-at="2023-07-03T17:45:44 IST" duration-ms="15" status="PASS">
          <reporter-output>
            <line>
              <![CDATA[fexecution is start]]>
            </line>
            <line>
              <![CDATA[f is pass successful]]>
            </line>
          </reporter-output>
        </test-method> <!-- f -->
      </class> <!-- test.validatename -->
    </test> <!-- Default test -->
  </suite> <!-- Default suite -->
</testng-results>
